<?xml version="1.0" encoding="UTF-8"?>
<testsuite name="integrationTestQueryRESTArquillian.RESTAPITest" time="4.596" tests="7" errors="0" skipped="0" failures="3">
  <properties>
[...]
</properties>
  <testcase name="Test_getIMSIsWithinDates" classname="integrationTestQueryRESTArquillian.RESTAPITest" time="3.074">
    <failure message="1 expectation failed.&#10;JSON path $ doesn&apos;t match.&#10;Expected: a collection with size &lt;4&gt;&#10;  Actual: []&#10;" type="java.lang.AssertionError"><![CDATA[java.lang.AssertionError: 1 expectation failed.
JSON path $ doesn't match.
Expected: a collection with size <4>
  Actual: []

	at sun.reflect.NativeConstructorAccessorImpl.newInstance0(Native Method)
	at sun.reflect.NativeConstructorAccessorImpl.newInstance(NativeConstructorAccessorImpl.java:62)
	at sun.reflect.DelegatingConstructorAccessorImpl.newInstance(DelegatingConstructorAccessorImpl.java:45)
	at java.lang.reflect.Constructor.newInstance(Constructor.java:423)
	at org.codehaus.groovy.reflection.CachedConstructor.invoke(CachedConstructor.java:80)
	at org.codehaus.groovy.reflection.CachedConstructor.doConstructorInvoke(CachedConstructor.java:74)
	at org.codehaus.groovy.runtime.callsite.ConstructorSite$ConstructorSiteNoUnwrap.callConstructor(ConstructorSite.java:84)
	at org.codehaus.groovy.runtime.callsite.CallSiteArray.defaultCallConstructor(CallSiteArray.java:59)
	at org.codehaus.groovy.runtime.callsite.AbstractCallSite.callConstructor(AbstractCallSite.java:237)
	at org.codehaus.groovy.runtime.callsite.AbstractCallSite.callConstructor(AbstractCallSite.java:249)
	at io.restassured.internal.ResponseSpecificationImpl$HamcrestAssertionClosure.validate(ResponseSpecificationImpl.groovy:493)
	at io.restassured.internal.ResponseSpecificationImpl$HamcrestAssertionClosure$validate$1.call(Unknown Source)
	at io.restassured.internal.ResponseSpecificationImpl.validateResponseIfRequired(ResponseSpecificationImpl.groovy:674)
	at sun.reflect.NativeMethodAccessorImpl.invoke0(Native Method)
	at sun.reflect.NativeMethodAccessorImpl.invoke(NativeMethodAccessorImpl.java:62)
	at sun.reflect.DelegatingMethodAccessorImpl.invoke(DelegatingMethodAccessorImpl.java:43)
	at java.lang.reflect.Method.invoke(Method.java:498)
	at org.codehaus.groovy.runtime.callsite.PlainObjectMetaMethodSite.doInvoke(PlainObjectMetaMethodSite.java:43)
	at org.codehaus.groovy.runtime.callsite.PogoMetaMethodSite$PogoCachedMethodSiteNoUnwrapNoCoerce.invoke(PogoMetaMethodSite.java:190)
	at org.codehaus.groovy.runtime.callsite.PogoMetaMethodSite.callCurrent(PogoMetaMethodSite.java:58)
	at org.codehaus.groovy.runtime.callsite.CallSiteArray.defaultCallCurrent(CallSiteArray.java:51)
	at org.codehaus.groovy.runtime.callsite.AbstractCallSite.callCurrent(AbstractCallSite.java:156)
	at org.codehaus.groovy.runtime.callsite.AbstractCallSite.callCurrent(AbstractCallSite.java:168)
	at io.restassured.internal.ResponseSpecificationImpl.body(ResponseSpecificationImpl.groovy:261)
	at io.restassured.specification.ResponseSpecification$body$1.callCurrent(Unknown Source)
	at org.codehaus.groovy.runtime.callsite.CallSiteArray.defaultCallCurrent(CallSiteArray.java:51)
	at org.codehaus.groovy.runtime.callsite.AbstractCallSite.callCurrent(AbstractCallSite.java:156)
	at org.codehaus.groovy.runtime.callsite.AbstractCallSite.callCurrent(AbstractCallSite.java:192)
	at io.restassured.internal.ResponseSpecificationImpl.body(ResponseSpecificationImpl.groovy:108)
	at io.restassured.internal.ValidatableResponseOptionsImpl.body(ValidatableResponseOptionsImpl.java:244)
	at io.restassured.internal.ValidatableResponseImpl.super$2$body(ValidatableResponseImpl.groovy)
	at sun.reflect.NativeMethodAccessorImpl.invoke0(Native Method)
	at sun.reflect.NativeMethodAccessorImpl.invoke(NativeMethodAccessorImpl.java:62)
	at sun.reflect.DelegatingMethodAccessorImpl.invoke(DelegatingMethodAccessorImpl.java:43)
	at java.lang.reflect.Method.invoke(Method.java:498)
	at org.codehaus.groovy.reflection.CachedMethod.invoke(CachedMethod.java:101)
	at groovy.lang.MetaMethod.doMethodInvoke(MetaMethod.java:323)
	at groovy.lang.MetaClassImpl.invokeMethod(MetaClassImpl.java:1217)
	at org.codehaus.groovy.runtime.ScriptBytecodeAdapter.invokeMethodOnSuperN(ScriptBytecodeAdapter.java:144)
	at io.restassured.internal.ValidatableResponseImpl.body(ValidatableResponseImpl.groovy:298)
	at io.restassured.internal.ValidatableResponseImpl.body(ValidatableResponseImpl.groovy)
	at integrationTestQueryRESTArquillian.RESTAPITest.Test_getIMSIsWithinDates(RESTAPITest.java:161)
]]></failure>
    <system-out><![CDATA[00:17:24.853 [main] DEBUG org.apache.http.impl.conn.BasicClientConnectionManager - Get connection for route {}->http://127.0.0.1:8080
00:17:24.875 [main] DEBUG org.apache.http.impl.conn.DefaultClientConnectionOperator - Connecting to 127.0.0.1:8080
00:17:24.945 [main] DEBUG org.apache.http.client.protocol.RequestAddCookies - CookieSpec selected: ignoreCookies
00:17:24.950 [main] DEBUG org.apache.http.client.protocol.RequestAuthCache - Auth cache not set in the context
00:17:24.950 [main] DEBUG org.apache.http.client.protocol.RequestTargetAuthentication - Target auth state: UNCHALLENGED
00:17:24.952 [main] DEBUG org.apache.http.client.protocol.RequestProxyAuthentication - Proxy auth state: UNCHALLENGED
00:17:24.953 [main] DEBUG org.apache.http.impl.client.DefaultHttpClient - Attempt 1 to execute request
00:17:24.953 [main] DEBUG org.apache.http.impl.conn.DefaultClientConnection - Sending request: GET /RestInteg/rest/TelcoDataMgt/IMSIsWithinDates?startDate=2020%2F01%2F11T14%3A00%3A00&endDate=2020%2F01%2F11T22%3A00%3A00 HTTP/1.1
00:17:24.955 [main] DEBUG org.apache.http.wire -  >> "GET /RestInteg/rest/TelcoDataMgt/IMSIsWithinDates?startDate=2020%2F01%2F11T14%3A00%3A00&endDate=2020%2F01%2F11T22%3A00%3A00 HTTP/1.1[\r][\n]"
00:17:24.958 [main] DEBUG org.apache.http.wire -  >> "Accept: */*[\r][\n]"
00:17:24.958 [main] DEBUG org.apache.http.wire -  >> "Host: 127.0.0.1:8080[\r][\n]"
00:17:24.961 [main] DEBUG org.apache.http.wire -  >> "Connection: Keep-Alive[\r][\n]"
00:17:24.961 [main] DEBUG org.apache.http.wire -  >> "User-Agent: Apache-HttpClient/4.5.3 (Java/1.8.0_241)[\r][\n]"
00:17:24.962 [main] DEBUG org.apache.http.wire -  >> "Accept-Encoding: gzip,deflate[\r][\n]"
00:17:24.962 [main] DEBUG org.apache.http.wire -  >> "[\r][\n]"
00:17:24.962 [main] DEBUG org.apache.http.headers - >> GET /RestInteg/rest/TelcoDataMgt/IMSIsWithinDates?startDate=2020%2F01%2F11T14%3A00%3A00&endDate=2020%2F01%2F11T22%3A00%3A00 HTTP/1.1
00:17:24.962 [main] DEBUG org.apache.http.headers - >> Accept: */*
00:17:24.962 [main] DEBUG org.apache.http.headers - >> Host: 127.0.0.1:8080
00:17:24.962 [main] DEBUG org.apache.http.headers - >> Connection: Keep-Alive
00:17:24.962 [main] DEBUG org.apache.http.headers - >> User-Agent: Apache-HttpClient/4.5.3 (Java/1.8.0_241)
00:17:24.962 [main] DEBUG org.apache.http.headers - >> Accept-Encoding: gzip,deflate
00:17:25.079 [main] DEBUG org.apache.http.wire -  << "HTTP/1.1 200 OK[\r][\n]"
00:17:25.083 [main] DEBUG org.apache.http.wire -  << "Connection: keep-alive[\r][\n]"
00:17:25.083 [main] DEBUG org.apache.http.wire -  << "Content-Type: application/json[\r][\n]"
00:17:25.083 [main] DEBUG org.apache.http.wire -  << "Content-Length: 2[\r][\n]"
00:17:25.083 [main] DEBUG org.apache.http.wire -  << "Date: Thu, 30 Apr 2020 23:17:25 GMT[\r][\n]"
00:17:25.084 [main] DEBUG org.apache.http.wire -  << "[\r][\n]"
00:17:25.085 [main] DEBUG org.apache.http.impl.conn.DefaultClientConnection - Receiving response: HTTP/1.1 200 OK
00:17:25.086 [main] DEBUG org.apache.http.headers - << HTTP/1.1 200 OK
00:17:25.086 [main] DEBUG org.apache.http.headers - << Connection: keep-alive
00:17:25.086 [main] DEBUG org.apache.http.headers - << Content-Type: application/json
00:17:25.086 [main] DEBUG org.apache.http.headers - << Content-Length: 2
00:17:25.086 [main] DEBUG org.apache.http.headers - << Date: Thu, 30 Apr 2020 23:17:25 GMT
00:17:25.095 [main] DEBUG org.apache.http.impl.client.DefaultHttpClient - Connection can be kept alive indefinitely
00:17:25.142 [main] DEBUG io.restassured.internal.RequestSpecificationImpl$RestAssuredHttpBuilder - Parsing response as: application/json
00:17:25.143 [main] DEBUG io.restassured.internal.RequestSpecificationImpl$RestAssuredHttpBuilder - Parsed data to instance of: class org.apache.http.conn.EofSensorInputStream
00:17:25.508 [main] DEBUG org.apache.http.wire -  << "[]"
00:17:25.512 [main] DEBUG org.apache.http.impl.conn.BasicClientConnectionManager - Releasing connection org.apache.http.impl.conn.ManagedClientConnectionImpl@78ab63b5
00:17:25.512 [main] DEBUG org.apache.http.impl.conn.BasicClientConnectionManager - Connection can be kept alive indefinitely
]]></system-out>
  </testcase>
  <testcase name="Test_GetAllEventAndCauseCodeByImsiSuccess" classname="integrationTestQueryRESTArquillian.RESTAPITest" time="0.049">
    <failure message="1 expectation failed.&#10;JSON path $ doesn&apos;t match.&#10;Expected: a collection with size &lt;2&gt;&#10;  Actual: []&#10;" type="java.lang.AssertionError"><![CDATA[java.lang.AssertionError: 1 expectation failed.
JSON path $ doesn't match.
Expected: a collection with size <2>
  Actual: []

	at sun.reflect.NativeConstructorAccessorImpl.newInstance0(Native Method)
	at sun.reflect.NativeConstructorAccessorImpl.newInstance(NativeConstructorAccessorImpl.java:62)
	at sun.reflect.DelegatingConstructorAccessorImpl.newInstance(DelegatingConstructorAccessorImpl.java:45)
	at java.lang.reflect.Constructor.newInstance(Constructor.java:423)
	at org.codehaus.groovy.reflection.CachedConstructor.invoke(CachedConstructor.java:80)
	at org.codehaus.groovy.reflection.CachedConstructor.doConstructorInvoke(CachedConstructor.java:74)
	at org.codehaus.groovy.runtime.callsite.ConstructorSite$ConstructorSiteNoUnwrap.callConstructor(ConstructorSite.java:84)
	at org.codehaus.groovy.runtime.callsite.AbstractCallSite.callConstructor(AbstractCallSite.java:249)
	at io.restassured.internal.ResponseSpecificationImpl$HamcrestAssertionClosure.validate(ResponseSpecificationImpl.groovy:493)
	at io.restassured.internal.ResponseSpecificationImpl$HamcrestAssertionClosure$validate$1.call(Unknown Source)
	at io.restassured.internal.ResponseSpecificationImpl.validateResponseIfRequired(ResponseSpecificationImpl.groovy:674)
	at sun.reflect.NativeMethodAccessorImpl.invoke0(Native Method)
	at sun.reflect.NativeMethodAccessorImpl.invoke(NativeMethodAccessorImpl.java:62)
	at sun.reflect.DelegatingMethodAccessorImpl.invoke(DelegatingMethodAccessorImpl.java:43)
	at java.lang.reflect.Method.invoke(Method.java:498)
	at org.codehaus.groovy.runtime.callsite.PlainObjectMetaMethodSite.doInvoke(PlainObjectMetaMethodSite.java:43)
	at org.codehaus.groovy.runtime.callsite.PogoMetaMethodSite$PogoCachedMethodSiteNoUnwrapNoCoerce.invoke(PogoMetaMethodSite.java:190)
	at org.codehaus.groovy.runtime.callsite.PogoMetaMethodSite.callCurrent(PogoMetaMethodSite.java:58)
	at org.codehaus.groovy.runtime.callsite.AbstractCallSite.callCurrent(AbstractCallSite.java:168)
	at io.restassured.internal.ResponseSpecificationImpl.body(ResponseSpecificationImpl.groovy:261)
	at io.restassured.specification.ResponseSpecification$body$1.callCurrent(Unknown Source)
	at io.restassured.internal.ResponseSpecificationImpl.body(ResponseSpecificationImpl.groovy:108)
	at io.restassured.internal.ValidatableResponseOptionsImpl.body(ValidatableResponseOptionsImpl.java:244)
	at io.restassured.internal.ValidatableResponseImpl.super$2$body(ValidatableResponseImpl.groovy)
	at sun.reflect.NativeMethodAccessorImpl.invoke0(Native Method)
	at sun.reflect.NativeMethodAccessorImpl.invoke(NativeMethodAccessorImpl.java:62)
	at sun.reflect.DelegatingMethodAccessorImpl.invoke(DelegatingMethodAccessorImpl.java:43)
	at java.lang.reflect.Method.invoke(Method.java:498)
	at org.codehaus.groovy.reflection.CachedMethod.invoke(CachedMethod.java:101)
	at groovy.lang.MetaMethod.doMethodInvoke(MetaMethod.java:323)
	at groovy.lang.MetaClassImpl.invokeMethod(MetaClassImpl.java:1217)
	at org.codehaus.groovy.runtime.ScriptBytecodeAdapter.invokeMethodOnSuperN(ScriptBytecodeAdapter.java:144)
	at io.restassured.internal.ValidatableResponseImpl.body(ValidatableResponseImpl.groovy:298)
	at io.restassured.internal.ValidatableResponseImpl.body(ValidatableResponseImpl.groovy)
	at integrationTestQueryRESTArquillian.RESTAPITest.Test_GetAllEventAndCauseCodeByImsiSuccess(RESTAPITest.java:122)
]]></failure>
    <system-out><![CDATA[00:17:25.745 [main] DEBUG org.apache.http.impl.conn.BasicClientConnectionManager - Get connection for route {}->http://127.0.0.1:8080
00:17:25.745 [main] DEBUG org.apache.http.impl.conn.DefaultClientConnectionOperator - Connecting to 127.0.0.1:8080
00:17:25.747 [main] DEBUG org.apache.http.client.protocol.RequestAddCookies - CookieSpec selected: ignoreCookies
00:17:25.747 [main] DEBUG org.apache.http.client.protocol.RequestAuthCache - Auth cache not set in the context
00:17:25.747 [main] DEBUG org.apache.http.client.protocol.RequestTargetAuthentication - Target auth state: UNCHALLENGED
00:17:25.747 [main] DEBUG org.apache.http.client.protocol.RequestProxyAuthentication - Proxy auth state: UNCHALLENGED
00:17:25.747 [main] DEBUG org.apache.http.impl.client.DefaultHttpClient - Attempt 1 to execute request
00:17:25.747 [main] DEBUG org.apache.http.impl.conn.DefaultClientConnection - Sending request: GET /RestInteg/rest/TelcoDataMgt/344930000000012 HTTP/1.1
00:17:25.748 [main] DEBUG org.apache.http.wire -  >> "GET /RestInteg/rest/TelcoDataMgt/344930000000012 HTTP/1.1[\r][\n]"
00:17:25.748 [main] DEBUG org.apache.http.wire -  >> "Accept: */*[\r][\n]"
00:17:25.748 [main] DEBUG org.apache.http.wire -  >> "Host: 127.0.0.1:8080[\r][\n]"
00:17:25.748 [main] DEBUG org.apache.http.wire -  >> "Connection: Keep-Alive[\r][\n]"
00:17:25.748 [main] DEBUG org.apache.http.wire -  >> "User-Agent: Apache-HttpClient/4.5.3 (Java/1.8.0_241)[\r][\n]"
00:17:25.748 [main] DEBUG org.apache.http.wire -  >> "Accept-Encoding: gzip,deflate[\r][\n]"
00:17:25.749 [main] DEBUG org.apache.http.wire -  >> "[\r][\n]"
00:17:25.749 [main] DEBUG org.apache.http.headers - >> GET /RestInteg/rest/TelcoDataMgt/344930000000012 HTTP/1.1
00:17:25.749 [main] DEBUG org.apache.http.headers - >> Accept: */*
00:17:25.749 [main] DEBUG org.apache.http.headers - >> Host: 127.0.0.1:8080
00:17:25.749 [main] DEBUG org.apache.http.headers - >> Connection: Keep-Alive
00:17:25.749 [main] DEBUG org.apache.http.headers - >> User-Agent: Apache-HttpClient/4.5.3 (Java/1.8.0_241)
00:17:25.749 [main] DEBUG org.apache.http.headers - >> Accept-Encoding: gzip,deflate
00:17:25.758 [main] DEBUG org.apache.http.wire -  << "HTTP/1.1 200 OK[\r][\n]"
00:17:25.758 [main] DEBUG org.apache.http.wire -  << "Connection: keep-alive[\r][\n]"
00:17:25.758 [main] DEBUG org.apache.http.wire -  << "Content-Type: application/json[\r][\n]"
00:17:25.758 [main] DEBUG org.apache.http.wire -  << "Content-Length: 2[\r][\n]"
00:17:25.758 [main] DEBUG org.apache.http.wire -  << "Date: Thu, 30 Apr 2020 23:17:25 GMT[\r][\n]"
00:17:25.758 [main] DEBUG org.apache.http.wire -  << "[\r][\n]"
00:17:25.758 [main] DEBUG org.apache.http.impl.conn.DefaultClientConnection - Receiving response: HTTP/1.1 200 OK
00:17:25.758 [main] DEBUG org.apache.http.headers - << HTTP/1.1 200 OK
00:17:25.759 [main] DEBUG org.apache.http.headers - << Connection: keep-alive
00:17:25.759 [main] DEBUG org.apache.http.headers - << Content-Type: application/json
00:17:25.759 [main] DEBUG org.apache.http.headers - << Content-Length: 2
00:17:25.759 [main] DEBUG org.apache.http.headers - << Date: Thu, 30 Apr 2020 23:17:25 GMT
00:17:25.759 [main] DEBUG org.apache.http.impl.client.DefaultHttpClient - Connection can be kept alive indefinitely
00:17:25.760 [main] DEBUG io.restassured.internal.RequestSpecificationImpl$RestAssuredHttpBuilder - Parsing response as: application/json
00:17:25.760 [main] DEBUG io.restassured.internal.RequestSpecificationImpl$RestAssuredHttpBuilder - Parsed data to instance of: class org.apache.http.conn.EofSensorInputStream
00:17:25.763 [main] DEBUG org.apache.http.wire -  << "[]"
00:17:25.763 [main] DEBUG org.apache.http.impl.conn.BasicClientConnectionManager - Releasing connection org.apache.http.impl.conn.ManagedClientConnectionImpl@68b3de47
00:17:25.763 [main] DEBUG org.apache.http.impl.conn.BasicClientConnectionManager - Connection can be kept alive indefinitely
]]></system-out>
  </testcase>
  <testcase name="restAssuredImportTest" classname="integrationTestQueryRESTArquillian.RESTAPITest" time="1.286"/>
  <testcase name="Test_CallFailureCountByPhoneModel" classname="integrationTestQueryRESTArquillian.RESTAPITest" time="0.047">
    <failure message="1 expectation failed.&#10;JSON path $ doesn&apos;t match.&#10;Expected: a collection containing &lt;3&gt;&#10;  Actual: [4]&#10;" type="java.lang.AssertionError"><![CDATA[java.lang.AssertionError: 1 expectation failed.
JSON path $ doesn't match.
Expected: a collection containing <3>
  Actual: [4]

	at sun.reflect.NativeConstructorAccessorImpl.newInstance0(Native Method)
	at sun.reflect.NativeConstructorAccessorImpl.newInstance(NativeConstructorAccessorImpl.java:62)
	at sun.reflect.DelegatingConstructorAccessorImpl.newInstance(DelegatingConstructorAccessorImpl.java:45)
	at java.lang.reflect.Constructor.newInstance(Constructor.java:423)
	at org.codehaus.groovy.reflection.CachedConstructor.invoke(CachedConstructor.java:80)
	at org.codehaus.groovy.reflection.CachedConstructor.doConstructorInvoke(CachedConstructor.java:74)
	at org.codehaus.groovy.runtime.callsite.ConstructorSite$ConstructorSiteNoUnwrap.callConstructor(ConstructorSite.java:84)
	at org.codehaus.groovy.runtime.callsite.AbstractCallSite.callConstructor(AbstractCallSite.java:249)
	at io.restassured.internal.ResponseSpecificationImpl$HamcrestAssertionClosure.validate(ResponseSpecificationImpl.groovy:493)
	at io.restassured.internal.ResponseSpecificationImpl$HamcrestAssertionClosure$validate$1.call(Unknown Source)
	at io.restassured.internal.ResponseSpecificationImpl.validateResponseIfRequired(ResponseSpecificationImpl.groovy:674)
	at sun.reflect.NativeMethodAccessorImpl.invoke0(Native Method)
	at sun.reflect.NativeMethodAccessorImpl.invoke(NativeMethodAccessorImpl.java:62)
	at sun.reflect.DelegatingMethodAccessorImpl.invoke(DelegatingMethodAccessorImpl.java:43)
	at java.lang.reflect.Method.invoke(Method.java:498)
	at org.codehaus.groovy.runtime.callsite.PlainObjectMetaMethodSite.doInvoke(PlainObjectMetaMethodSite.java:43)
	at org.codehaus.groovy.runtime.callsite.PogoMetaMethodSite$PogoCachedMethodSiteNoUnwrapNoCoerce.invoke(PogoMetaMethodSite.java:190)
	at org.codehaus.groovy.runtime.callsite.PogoMetaMethodSite.callCurrent(PogoMetaMethodSite.java:58)
	at org.codehaus.groovy.runtime.callsite.AbstractCallSite.callCurrent(AbstractCallSite.java:168)
	at io.restassured.internal.ResponseSpecificationImpl.body(ResponseSpecificationImpl.groovy:261)
	at io.restassured.specification.ResponseSpecification$body$1.callCurrent(Unknown Source)
	at org.codehaus.groovy.runtime.callsite.CallSiteArray.defaultCallCurrent(CallSiteArray.java:51)
	at io.restassured.specification.ResponseSpecification$body$1.callCurrent(Unknown Source)
	at io.restassured.internal.ResponseSpecificationImpl.body(ResponseSpecificationImpl.groovy:108)
	at io.restassured.internal.ValidatableResponseOptionsImpl.body(ValidatableResponseOptionsImpl.java:244)
	at io.restassured.internal.ValidatableResponseImpl.super$2$body(ValidatableResponseImpl.groovy)
	at sun.reflect.NativeMethodAccessorImpl.invoke0(Native Method)
	at sun.reflect.NativeMethodAccessorImpl.invoke(NativeMethodAccessorImpl.java:62)
	at sun.reflect.DelegatingMethodAccessorImpl.invoke(DelegatingMethodAccessorImpl.java:43)
	at java.lang.reflect.Method.invoke(Method.java:498)
	at org.codehaus.groovy.reflection.CachedMethod.invoke(CachedMethod.java:101)
	at groovy.lang.MetaMethod.doMethodInvoke(MetaMethod.java:323)
	at groovy.lang.MetaClassImpl.invokeMethod(MetaClassImpl.java:1217)
	at org.codehaus.groovy.runtime.ScriptBytecodeAdapter.invokeMethodOnSuperN(ScriptBytecodeAdapter.java:144)
	at io.restassured.internal.ValidatableResponseImpl.body(ValidatableResponseImpl.groovy:298)
	at io.restassured.internal.ValidatableResponseImpl.body(ValidatableResponseImpl.groovy)
	at integrationTestQueryRESTArquillian.RESTAPITest.Test_CallFailureCountByPhoneModel(RESTAPITest.java:177)
]]></failure>
    <system-out><![CDATA[00:17:27.075 [main] DEBUG org.apache.http.impl.conn.BasicClientConnectionManager - Get connection for route {}->http://127.0.0.1:8080
00:17:27.075 [main] DEBUG org.apache.http.impl.conn.DefaultClientConnectionOperator - Connecting to 127.0.0.1:8080
00:17:27.075 [main] DEBUG org.apache.http.client.protocol.RequestAddCookies - CookieSpec selected: ignoreCookies
00:17:27.075 [main] DEBUG org.apache.http.client.protocol.RequestAuthCache - Auth cache not set in the context
00:17:27.075 [main] DEBUG org.apache.http.client.protocol.RequestTargetAuthentication - Target auth state: UNCHALLENGED
00:17:27.075 [main] DEBUG org.apache.http.client.protocol.RequestProxyAuthentication - Proxy auth state: UNCHALLENGED
00:17:27.075 [main] DEBUG org.apache.http.impl.client.DefaultHttpClient - Attempt 1 to execute request
00:17:27.075 [main] DEBUG org.apache.http.impl.conn.DefaultClientConnection - Sending request: GET /RestInteg/rest/TelcoDataMgt/CallFailureCountByPhoneModel?ueType=21060800&startDate=2020%2F01%2F11T17%3A14%3A00&endDate=2020%2F11%2F01T17%3A20%3A00 HTTP/1.1
00:17:27.076 [main] DEBUG org.apache.http.wire -  >> "GET /RestInteg/rest/TelcoDataMgt/CallFailureCountByPhoneModel?ueType=21060800&startDate=2020%2F01%2F11T17%3A14%3A00&endDate=2020%2F11%2F01T17%3A20%3A00 HTTP/1.1[\r][\n]"
00:17:27.076 [main] DEBUG org.apache.http.wire -  >> "Accept: */*[\r][\n]"
00:17:27.076 [main] DEBUG org.apache.http.wire -  >> "Host: 127.0.0.1:8080[\r][\n]"
00:17:27.076 [main] DEBUG org.apache.http.wire -  >> "Connection: Keep-Alive[\r][\n]"
00:17:27.076 [main] DEBUG org.apache.http.wire -  >> "User-Agent: Apache-HttpClient/4.5.3 (Java/1.8.0_241)[\r][\n]"
00:17:27.076 [main] DEBUG org.apache.http.wire -  >> "Accept-Encoding: gzip,deflate[\r][\n]"
00:17:27.076 [main] DEBUG org.apache.http.wire -  >> "[\r][\n]"
00:17:27.076 [main] DEBUG org.apache.http.headers - >> GET /RestInteg/rest/TelcoDataMgt/CallFailureCountByPhoneModel?ueType=21060800&startDate=2020%2F01%2F11T17%3A14%3A00&endDate=2020%2F11%2F01T17%3A20%3A00 HTTP/1.1
00:17:27.076 [main] DEBUG org.apache.http.headers - >> Accept: */*
00:17:27.076 [main] DEBUG org.apache.http.headers - >> Host: 127.0.0.1:8080
00:17:27.076 [main] DEBUG org.apache.http.headers - >> Connection: Keep-Alive
00:17:27.076 [main] DEBUG org.apache.http.headers - >> User-Agent: Apache-HttpClient/4.5.3 (Java/1.8.0_241)
00:17:27.076 [main] DEBUG org.apache.http.headers - >> Accept-Encoding: gzip,deflate
00:17:27.084 [main] DEBUG org.apache.http.wire -  << "HTTP/1.1 200 OK[\r][\n]"
00:17:27.084 [main] DEBUG org.apache.http.wire -  << "Connection: keep-alive[\r][\n]"
00:17:27.084 [main] DEBUG org.apache.http.wire -  << "Content-Type: application/json[\r][\n]"
00:17:27.085 [main] DEBUG org.apache.http.wire -  << "Content-Length: 3[\r][\n]"
00:17:27.085 [main] DEBUG org.apache.http.wire -  << "Date: Thu, 30 Apr 2020 23:17:27 GMT[\r][\n]"
00:17:27.085 [main] DEBUG org.apache.http.wire -  << "[\r][\n]"
00:17:27.085 [main] DEBUG org.apache.http.impl.conn.DefaultClientConnection - Receiving response: HTTP/1.1 200 OK
00:17:27.085 [main] DEBUG org.apache.http.headers - << HTTP/1.1 200 OK
00:17:27.085 [main] DEBUG org.apache.http.headers - << Connection: keep-alive
00:17:27.085 [main] DEBUG org.apache.http.headers - << Content-Type: application/json
00:17:27.085 [main] DEBUG org.apache.http.headers - << Content-Length: 3
00:17:27.085 [main] DEBUG org.apache.http.headers - << Date: Thu, 30 Apr 2020 23:17:27 GMT
00:17:27.085 [main] DEBUG org.apache.http.impl.client.DefaultHttpClient - Connection can be kept alive indefinitely
00:17:27.085 [main] DEBUG io.restassured.internal.RequestSpecificationImpl$RestAssuredHttpBuilder - Parsing response as: application/json
00:17:27.085 [main] DEBUG io.restassured.internal.RequestSpecificationImpl$RestAssuredHttpBuilder - Parsed data to instance of: class org.apache.http.conn.EofSensorInputStream
00:17:27.096 [main] DEBUG org.apache.http.wire -  << "[4]"
00:17:27.096 [main] DEBUG org.apache.http.impl.conn.BasicClientConnectionManager - Releasing connection org.apache.http.impl.conn.ManagedClientConnectionImpl@6eeeb9da
00:17:27.097 [main] DEBUG org.apache.http.impl.conn.BasicClientConnectionManager - Connection can be kept alive indefinitely
]]></system-out>
  </testcase>
  <testcase name="Test_CountOfIMSIFailureAndDuration" classname="integrationTestQueryRESTArquillian.RESTAPITest" time="0.058"/>
  <testcase name="restAssuredImportTestFilenotFound" classname="integrationTestQueryRESTArquillian.RESTAPITest" time="0.035"/>
  <testcase name="Test_getAllEventAndCauseCodeByIMSIEmptyResponse" classname="integrationTestQueryRESTArquillian.RESTAPITest" time="0.047"/>
</testsuite>