GROUP,PACKAGE,CLASS,INSTRUCTION_MISSED,INSTRUCTION_COVERED,BRANCH_MISSED,BRANCH_COVERED,LINE_MISSED,LINE_COVERED,COMPLEXITY_MISSED,COMPLEXITY_COVERED,METHOD_MISSED,METHOD_COVERED
TDMBDDService,com.ait.callData,CallDataDAO,6,138,0,2,3,26,1,4,1,3
TDMBDDService,com.ait.callData,BaseData.Builder,0,105,0,0,0,30,0,16,0,16
TDMBDDService,com.ait.callData,BaseData,352,90,52,0,90,32,42,16,16,16
TDMBDDService,com.ait.DataFileImport,FileData,14,264,3,19,6,51,5,13,2,5
TDMBDDService,TDMBDD,TDMBDDService,71,0,0,0,14,0,3,0,3,0
